Start generating at 2019-11-23 14:10
Instance: fifo_38i_38o (C:\Users\Administrator.1FIX62AK6M9QF8G\Desktop\fpga\my_video_v5.0\ipcore\fifo_38i_38o)
Model: Logos DRM Based FIFO, Version 1.4
Family: Logos
Device: PGL22G
Package: BG324
Speed Grade: -7
Create directory 'rtl' ...
Copy 'rtl\ipml_fifo_ctrl_v1_3.v' to 'rtl' ...
Copy 'rtl\ipml_fifo_v1_4.v.xml' to 'rtl' ...
Copy 'rtl\ipml_prefetch_fifo_v1_4.v.xml' to 'rtl' ...
Copy 'rtl\ipml_reg_fifo_v1_0.v' to 'rtl' ...
Copy 'rtl\ipml_sdpram_v1_4.v.xml' to 'rtl' ...
Compile file 'rtl\ipml_sdpram_v1_4.v.xml' to 'rtl\ipml_sdpram_v1_4_fifo_38i_38o.v' ...
Compile file 'rtl\ipml_fifo_v1_4.v.xml' to 'rtl\ipml_fifo_v1_4_fifo_38i_38o.v' ...
Compile file 'rtl\ipml_prefetch_fifo_v1_4.v.xml' to 'rtl\ipml_prefetch_fifo_v1_4_fifo_38i_38o.v' ...
Copy 'ipml_fifo_wrapper_v1_4.v.xml' ...
Compile file 'ipml_fifo_wrapper_v1_4.v.xml' to 'fifo_38i_38o.v' ...
Found module 'fifo_38i_38o' in file 'fifo_38i_38o.v'.
Copy 'ipml_prefetch_fifo_wrapper_v1_4.v.xml' ...
Compile file 'ipml_prefetch_fifo_wrapper_v1_4.v.xml' to 'fifo_38i_38o_prefetch.v' ...
Copy 'ipml_fifo_wrapper_v1_3_tb.v.xml' ...
Compile file 'ipml_fifo_wrapper_v1_3_tb.v.xml' to 'fifo_38i_38o_tb.v' ...
Generate template file 'fifo_38i_38o_tmpl.v' ...
Synthesis is disabled.
Done: 0 error(s), 0 warning(s)
