Start generating at 2019-11-12 22:31
Instance: afifo_8in8out (C:\Users\Administrator.1FIX62AK6M9QF8G\Desktop\my_video_v2.2\ipcore\afifo_8in8out)
Model: Distributed FIFO, Version 1.2
Family: Logos
Device: PGL22G
Package: BG324
Speed Grade: -7
Create directory 'rtl' ...
Copy 'rtl\ipm_distributed_fifo_ctr_v1_0.v' to 'rtl' ...
Copy 'rtl\ipm_distributed_fifo_v1_2.v.xml' to 'rtl' ...
Copy 'rtl\ipm_distributed_sdpram_v1_2.v.xml' to 'rtl' ...
Compile file 'rtl\ipm_distributed_fifo_v1_2.v.xml' to 'rtl\ipm_distributed_fifo_v1_2_afifo_8in8out.v' ...
Compile file 'rtl\ipm_distributed_sdpram_v1_2.v.xml' to 'rtl\ipm_distributed_sdpram_v1_2_afifo_8in8out.v' ...
Copy 'ipm_distributed_fifo_wrapper_v1_2.v.xml' ...
Copy 'ipm_distributed_fifo_wrapper_v1_2_tb.v.xml' ...
Compile file 'ipm_distributed_fifo_wrapper_v1_2.v.xml' to 'afifo_8in8out.v' ...
Found module 'afifo_8in8out' in file 'afifo_8in8out.v'.
Compile file 'ipm_distributed_fifo_wrapper_v1_2_tb.v.xml' to 'afifo_8in8out_tb.v' ...
Generate template file 'afifo_8in8out_tmpl.v' ...
Synthesis is disabled.
Done: 0 error(s), 0 warning(s)
