C:\pango\PDS_2019.1-patch11\syn\bin64\c_hdl.exe  -osyn  C:\Users\zzl\Desktop\FPGA\PANGO\my_video_v1.3\ipcore\ddr3\pnr\ctrl_phy_22\synthesize\synplify_impl\synwork\synplify_comp.srs  -top  ipsl_hmemc_top_test  -hdllog  C:\Users\zzl\Desktop\FPGA\PANGO\my_video_v1.3\ipcore\ddr3\pnr\ctrl_phy_22\synthesize\synplify_impl\synlog\synplify_compiler.srr  -encrypt  -mp  1  -verification_mode 0  -verilog  -prodtype  synplify_pro  -primux -fixsmult -sdff_counter -dspmac -nram -divnmod -nostructver   -I C:\Users\zzl\Desktop\FPGA\PANGO\my_video_v1.3\ipcore\ddr3\pnr\ctrl_phy_22  -I C:\Users\zzl\Desktop\FPGA\PANGO\my_video_v1.3\ipcore\ddr3\pnr\ctrl_phy_22\synthesize\  -I C:\pango\PDS_2019.1-patch11\syn\lib   -v2001  -devicelib  C:\pango\PDS_2019.1-patch11\syn\lib\generic\logos.v  -encrypt  -pro  -dmgen  C:\Users\zzl\Desktop\FPGA\PANGO\my_video_v1.3\ipcore\ddr3\pnr\ctrl_phy_22\synthesize\synplify_impl\dm  -ui -fid2 -ram -sharing on -ll 2000 -autosm  -D_MULTIPLE_FILE_COMPILATION_UNIT_  -lib work C:\Users\zzl\Desktop\FPGA\PANGO\my_video_v1.3\ipcore\ddr3\example_design\rtl\prbs31_128bit.v -lib work C:\Users\zzl\Desktop\FPGA\PANGO\my_video_v1.3\ipcore\ddr3\example_design\rtl\test_main_ctrl.v -lib work C:\Users\zzl\Desktop\FPGA\PANGO\my_video_v1.3\ipcore\ddr3\rtl\pll\pll_50_400.v -lib work C:\Users\zzl\Desktop\FPGA\PANGO\my_video_v1.3\ipcore\ddr3\rtl\ipsl_ddrc_apb_reset.v -lib work C:\Users\zzl\Desktop\FPGA\PANGO\my_video_v1.3\ipcore\ddr3\rtl\ipsl_ddrc_reset_ctrl.v -lib work C:\Users\zzl\Desktop\FPGA\PANGO\my_video_v1.3\ipcore\ddr3\rtl\ipsl_ddrphy_dll_update_ctrl.v -lib work C:\Users\zzl\Desktop\FPGA\PANGO\my_video_v1.3\ipcore\ddr3\rtl\ipsl_ddrphy_reset_ctrl.v -lib work C:\Users\zzl\Desktop\FPGA\PANGO\my_video_v1.3\ipcore\ddr3\rtl\ipsl_ddrphy_training_ctrl.v -lib work C:\Users\zzl\Desktop\FPGA\PANGO\my_video_v1.3\ipcore\ddr3\rtl\ipsl_ddrphy_update_ctrl.v -lib work C:\Users\zzl\Desktop\FPGA\PANGO\my_video_v1.3\ipcore\ddr3\rtl\ipsl_hmemc_ddrc_top.v -lib work C:\Users\zzl\Desktop\FPGA\PANGO\my_video_v1.3\ipcore\ddr3\rtl\ipsl_hmemc_phy_top.v -lib work C:\Users\zzl\Desktop\FPGA\PANGO\my_video_v1.3\ipcore\ddr3\rtl\ipsl_phy_io.v -lib work C:\Users\zzl\Desktop\FPGA\PANGO\my_video_v1.3\ipcore\ddr3\ddr3.v -lib work C:\Users\zzl\Desktop\FPGA\PANGO\my_video_v1.3\ipcore\ddr3\example_design\rtl\test_rd_ctrl_64bit.v -lib work C:\Users\zzl\Desktop\FPGA\PANGO\my_video_v1.3\ipcore\ddr3\example_design\rtl\test_wr_ctrl_64bit.v -lib work C:\Users\zzl\Desktop\FPGA\PANGO\my_video_v1.3\ipcore\ddr3\example_design\rtl\ipsl_hmemc_top_test.v  -jobname  "compiler" 
relcom:..\..\..\..\..\..\..\..\..\..\..\..\..\pango\PDS_2019.1-patch11\syn\bin64\c_hdl.exe -osyn ..\synwork\synplify_comp.srs -top ipsl_hmemc_top_test -hdllog ..\synlog\synplify_compiler.srr -encrypt -mp 1 -verification_mode 0 -verilog -prodtype synplify_pro -primux -fixsmult -sdff_counter -dspmac -nram -divnmod -nostructver -I ..\..\..\..\ctrl_phy_22 -I ..\..\ -I ..\..\..\..\..\..\..\..\..\..\..\..\..\pango\PDS_2019.1-patch11\syn\lib -v2001 -devicelib ..\..\..\..\..\..\..\..\..\..\..\..\..\pango\PDS_2019.1-patch11\syn\lib\generic\logos.v -encrypt -pro -dmgen ..\dm -ui -fid2 -ram -sharing on -ll 2000 -autosm -D_MULTIPLE_FILE_COMPILATION_UNIT_ -lib work ..\..\..\..\..\example_design\rtl\prbs31_128bit.v -lib work ..\..\..\..\..\example_design\rtl\test_main_ctrl.v -lib work ..\..\..\..\..\rtl\pll\pll_50_400.v -lib work ..\..\..\..\..\rtl\ipsl_ddrc_apb_reset.v -lib work ..\..\..\..\..\rtl\ipsl_ddrc_reset_ctrl.v -lib work ..\..\..\..\..\rtl\ipsl_ddrphy_dll_update_ctrl.v -lib work ..\..\..\..\..\rtl\ipsl_ddrphy_reset_ctrl.v -lib work ..\..\..\..\..\rtl\ipsl_ddrphy_training_ctrl.v -lib work ..\..\..\..\..\rtl\ipsl_ddrphy_update_ctrl.v -lib work ..\..\..\..\..\rtl\ipsl_hmemc_ddrc_top.v -lib work ..\..\..\..\..\rtl\ipsl_hmemc_phy_top.v -lib work ..\..\..\..\..\rtl\ipsl_phy_io.v -lib work ..\..\..\..\..\ddr3.v -lib work ..\..\..\..\..\example_design\rtl\test_rd_ctrl_64bit.v -lib work ..\..\..\..\..\example_design\rtl\test_wr_ctrl_64bit.v -lib work ..\..\..\..\..\example_design\rtl\ipsl_hmemc_top_test.v -jobname "compiler"
rc:0 success:1 runtime:12
file:..\synwork\synplify_comp.srs|io:o|time:1571808189|size:128773|exec:0|csum:
file:..\synlog\synplify_compiler.srr|io:o|time:1571808190|size:84458|exec:0|csum:
file:..\..\..\..\..\..\..\..\..\..\..\..\..\pango\PDS_2019.1-patch11\syn\lib\generic\logos.v|io:i|time:1560764252|size:73977|exec:0|csum:0F694CCE00C871AA3CE054485C4AE5EF
file:..\..\..\..\..\example_design\rtl\prbs31_128bit.v|io:i|time:1569400927|size:7017|exec:0|csum:C105C57AFEBCC1E5BD25024B53CA5680
file:..\..\..\..\..\example_design\rtl\test_main_ctrl.v|io:i|time:1569400927|size:3228|exec:0|csum:F5314729464A141A26C53E0D48FBCB39
file:..\..\..\..\..\rtl\pll\pll_50_400.v|io:i|time:1571797941|size:10258|exec:0|csum:1DE75661B79DFDDB86DAEE27106BB663
file:..\..\..\..\..\rtl\ipsl_ddrc_apb_reset.v|io:i|time:1569400927|size:21213|exec:0|csum:B5F20EDB18C48394DAB0E40BB61D41DB
file:..\..\..\..\..\rtl\ipsl_ddrc_reset_ctrl.v|io:i|time:1569400927|size:8145|exec:0|csum:75E2F9AD0A3DDC4DEA2DC01768EE1D27
file:..\..\..\..\..\rtl\ipsl_ddrphy_dll_update_ctrl.v|io:i|time:1569400927|size:2601|exec:0|csum:D006FE3FA3CE9AFD674B99FE6613F651
file:..\..\..\..\..\rtl\ipsl_ddrphy_reset_ctrl.v|io:i|time:1569400927|size:5809|exec:0|csum:BC35A01AF35AE3AB98A354AB0278BD18
file:..\..\..\..\..\rtl\ipsl_ddrphy_training_ctrl.v|io:i|time:1569400927|size:1923|exec:0|csum:4B2D243A09AA061CFF49080B34D8CA4C
file:..\..\..\..\..\rtl\ipsl_ddrphy_update_ctrl.v|io:i|time:1569400927|size:11276|exec:0|csum:D3A4F367CAF85A1F51F82F47451D783F
file:..\..\..\..\..\rtl\ipsl_hmemc_ddrc_top.v|io:i|time:1569400927|size:28226|exec:0|csum:FE1026074B8E39B5078033D2C0D04BDA
file:..\..\..\..\..\rtl\ipsl_hmemc_phy_top.v|io:i|time:1569400927|size:21008|exec:0|csum:F678A11A71D003B7710BE79654A97ED9
file:..\..\..\..\..\rtl\ipsl_phy_io.v|io:i|time:1569400927|size:126382|exec:0|csum:174604B5E79F4374830E528E1C258012
file:..\..\..\..\..\ddr3.v|io:i|time:1571797941|size:38611|exec:0|csum:A8BC50B7E8BEF42BAA79CAF136239CC1
file:..\..\..\..\..\example_design\rtl\test_rd_ctrl_64bit.v|io:i|time:1569400927|size:8454|exec:0|csum:14F2E4334742666ECA64485E9E4CCE43
file:..\..\..\..\..\example_design\rtl\test_wr_ctrl_64bit.v|io:i|time:1569400927|size:10039|exec:0|csum:6FF7BD712A209E2C34FD02C66CEB129F
file:..\..\..\..\..\example_design\rtl\ipsl_hmemc_top_test.v|io:i|time:1571808129|size:12091|exec:0|csum:345697FDDFD30F57242E459C661579DD
file:..\..\..\..\..\..\..\..\..\..\..\..\..\pango\PDS_2019.1-patch11\syn\bin64\c_hdl.exe|io:i|time:1560764244|size:5727744|exec:1|csum:F9958564D086E90A0884A2C881651C5A
