NOTE:  This version of the software is not a production release. No warranty is made as to the general availability of features and functionality included in this version or described in the accompanying documentation. The final contents of a production release and its timing remain at the sole discretion of Synopsys.

Starting:    C:\pango\PDS_2019.1-patch11\syn\bin64\mbin\synbatch.exe
Install:     C:\pango\PDS_2019.1-patch11\syn
Hostname:    1FIX62AK6M9QF8G
Date:        Fri Nov 22 14:35:06 2019
Version:     P-2019.03P-Beta2

Arguments:   -product synplify_pro -licensetype synplifypro_pango -batch C:/Users/Administrator.1FIX62AK6M9QF8G/Desktop/fpga/git/FPGA-based-image-rotation/my_video_v4.1/synthesize/synplify_pro.prj -tclcmd project -run synthesis
ProductType: synplify_pro



Running in Vendor Mode

auto_infer_blackbox is not supported in current product.
Copied C:\Users\Administrator.1FIX62AK6M9QF8G\Desktop\fpga\git\FPGA-based-image-rotation\my_video_v4.1\synthesize\synplify_impl\synplify.srr to C:\Users\Administrator.1FIX62AK6M9QF8G\Desktop\fpga\git\FPGA-based-image-rotation\my_video_v4.1\synthesize\synplify_impl\backup\synplify.srr
log file: "C:\Users\Administrator.1FIX62AK6M9QF8G\Desktop\fpga\git\FPGA-based-image-rotation\my_video_v4.1\synthesize\synplify_impl\synplify.srr"
Running: synplify_impl in foreground

Running synplify_pro|synplify_impl

Running Flow: compile (Compile) on synplify_pro|synplify_impl
# Fri Nov 22 14:35:06 2019

Running Flow: compile_flow (Compile Process) on synplify_pro|synplify_impl
# Fri Nov 22 14:35:06 2019

Running: compiler (Compile Input) on synplify_pro|synplify_impl
# Fri Nov 22 14:35:06 2019
Copied C:\Users\Administrator.1FIX62AK6M9QF8G\Desktop\fpga\git\FPGA-based-image-rotation\my_video_v4.1\synthesize\synplify_impl\synwork\synplify_comp.srs to C:\Users\Administrator.1FIX62AK6M9QF8G\Desktop\fpga\git\FPGA-based-image-rotation\my_video_v4.1\synthesize\synplify_impl\synplify.srs

compiler completed
# Fri Nov 22 14:35:29 2019

Return Code: 0
Run Time:00h:00m:23s

Running: multi_srs_gen (Multi-srs Generator) on synplify_pro|synplify_impl
# Fri Nov 22 14:35:29 2019

multi_srs_gen completed
# Fri Nov 22 14:35:30 2019

Return Code: 0
Run Time:00h:00m:01s
Copied C:\Users\Administrator.1FIX62AK6M9QF8G\Desktop\fpga\git\FPGA-based-image-rotation\my_video_v4.1\synthesize\synplify_impl\synwork\synplify_mult.srs to C:\Users\Administrator.1FIX62AK6M9QF8G\Desktop\fpga\git\FPGA-based-image-rotation\my_video_v4.1\synthesize\synplify_impl\synplify.srs
Copied C:\Users\Administrator.1FIX62AK6M9QF8G\Desktop\fpga\git\FPGA-based-image-rotation\my_video_v4.1\synthesize\synplify_impl\synplify.srr to C:\Users\Administrator.1FIX62AK6M9QF8G\Desktop\fpga\git\FPGA-based-image-rotation\my_video_v4.1\synthesize\synplify.log
Complete: Compile Process on synplify_pro|synplify_impl

Running: premap (Premap) on synplify_pro|synplify_impl
# Fri Nov 22 14:35:30 2019

premap completed with warnings
# Fri Nov 22 14:35:40 2019

Return Code: 1
Run Time:00h:00m:10s
Complete: Compile on synplify_pro|synplify_impl

Running Flow: map (Map) on synplify_pro|synplify_impl
# Fri Nov 22 14:35:40 2019

Running: fpga_mapper (Map & Optimize) on synplify_pro|synplify_impl
# Fri Nov 22 14:35:40 2019
Copied C:\Users\Administrator.1FIX62AK6M9QF8G\Desktop\fpga\git\FPGA-based-image-rotation\my_video_v4.1\synthesize\synplify_impl\synwork\synplify_m.srm to C:\Users\Administrator.1FIX62AK6M9QF8G\Desktop\fpga\git\FPGA-based-image-rotation\my_video_v4.1\synthesize\synplify_impl\synplify.srm

fpga_mapper completed with warnings
# Fri Nov 22 14:37:34 2019

Return Code: 1
Run Time:00h:01m:54s
Complete: Map on synplify_pro|synplify_impl
Copied C:\Users\Administrator.1FIX62AK6M9QF8G\Desktop\fpga\git\FPGA-based-image-rotation\my_video_v4.1\synthesize\synplify_impl\synplify.srr to C:\Users\Administrator.1FIX62AK6M9QF8G\Desktop\fpga\git\FPGA-based-image-rotation\my_video_v4.1\synthesize\synplify.log
Complete: Logic Synthesis on synplify_pro|synplify_impl
Running TCL Command: "project -run synthesis"
exit status=0
exit status=0
License checkin: synplifypro_pango
